# Logfile created on Sat Dec 12 13:38:54 -0500 2009

Processing RootController#index (for 127.0.0.1 at 2009-12-12 13:39:08) [GET]
Rendering template within layouts/application
Rendering root/index
Completed in 26ms (View: 16 | 200 OK [http://localhost/]


Processing RootController#index (for 127.0.0.1 at 2009-12-12 13:39:19) [GET]
Rendering template within layouts/application
Rendering root/index
Completed in 26ms (View: 16 | 200 OK [http://localhost/]


Processing RootController#index (for 127.0.0.1 at 2009-12-12 13:41:07) [GET]
Rendering template within layouts/application
Rendering root/index
Completed in 26ms (View: 16 | 200 OK [http://localhost/]


Processing RootController#index (for 127.0.0.1 at 2009-12-12 13:41:08) [GET]
Rendering template within layouts/application
Rendering root/index
Completed in 12ms (View: 3 | 200 OK [http://localhost/]


Processing ApiController#show (for 127.0.0.1 at 2009-12-12 13:41:10) [GET]
Rendering template within layouts/application
Rendering api/show
Completed in 23ms (View: 12 | 200 OK [http://localhost/api]


Processing FlavorsController#index (for 127.0.0.1 at 2009-12-12 13:41:11) [GET]

NameError (uninitialized constant DriverHelper::DRIVER_CLASS_NAME):
  app/helpers/driver_helper.rb:24:in `driver'
  app/controllers/flavors_controller.rb:28:in `index'
  app/helpers/driver_helper.rb:30:in `catch_auth'
  vendor/plugins/haml/rails/./lib/sass/plugin/rails.rb:19:in `process'
  /bin/deltacloudd:12

Rendered rescues/_trace (60.8ms)
Rendered rescues/_request_and_response (2.0ms)
Rendering rescues/layout (internal_server_error)


Processing FlavorsController#index (for 127.0.0.1 at 2009-12-12 13:43:14) [GET]

NameError (uninitialized constant DriverHelper::DRIVER_CLASS_NAME):
  app/helpers/driver_helper.rb:24:in `driver'
  app/controllers/flavors_controller.rb:28:in `index'
  app/helpers/driver_helper.rb:30:in `catch_auth'
  vendor/plugins/haml/rails/./lib/sass/plugin/rails.rb:19:in `process'
  /bin/deltacloudd:12

Rendered rescues/_trace (60.7ms)
Rendered rescues/_request_and_response (2.5ms)
Rendering rescues/layout (internal_server_error)


Processing FlavorsController#index (for 127.0.0.1 at 2009-12-12 13:43:16) [GET]

NameError (uninitialized constant DriverHelper::DRIVER_CLASS_NAME):
  app/helpers/driver_helper.rb:24:in `driver'
  app/controllers/flavors_controller.rb:28:in `index'
  app/helpers/driver_helper.rb:30:in `catch_auth'
  vendor/plugins/haml/rails/./lib/sass/plugin/rails.rb:19:in `process'
  /bin/deltacloudd:12

Rendered rescues/_trace (63.3ms)
Rendered rescues/_request_and_response (0.5ms)
Rendering rescues/layout (internal_server_error)


Processing RootController#index (for 127.0.0.1 at 2009-12-12 13:43:32) [GET]
Rendering template within layouts/application
Rendering root/index
Completed in 27ms (View: 16 | 200 OK [http://localhost/]


Processing ApiController#show (for 127.0.0.1 at 2009-12-12 13:43:35) [GET]
Rendering template within layouts/application
Rendering api/show
Completed in 23ms (View: 12 | 200 OK [http://localhost/api]


Processing FlavorsController#index (for 127.0.0.1 at 2009-12-12 13:43:37) [GET]

NameError (uninitialized constant DriverHelper::DRIVER_CLASS_NAME):
  app/helpers/driver_helper.rb:24:in `driver'
  app/controllers/flavors_controller.rb:28:in `index'
  app/helpers/driver_helper.rb:30:in `catch_auth'
  vendor/plugins/haml/rails/./lib/sass/plugin/rails.rb:19:in `process'
  /bin/deltacloudd:12

Rendered rescues/_trace (63.7ms)
Rendered rescues/_request_and_response (2.0ms)
Rendering rescues/layout (internal_server_error)


Processing FlavorsController#index (for 127.0.0.1 at 2009-12-12 13:44:35) [GET]

NameError (uninitialized constant DriverHelper::DRIVER_CLASS_NAME):
  app/helpers/driver_helper.rb:24:in `driver'
  app/controllers/flavors_controller.rb:28:in `index'
  app/helpers/driver_helper.rb:30:in `catch_auth'
  vendor/plugins/haml/rails/./lib/sass/plugin/rails.rb:19:in `process'
  /bin/deltacloudd:12

Rendered rescues/_trace (60.9ms)
Rendered rescues/_request_and_response (1.9ms)
Rendering rescues/layout (internal_server_error)


Processing FlavorsController#index (for 127.0.0.1 at 2009-12-12 13:45:07) [GET]
Rendering template within layouts/application
Rendering flavors/index
Completed in 375ms (View: 19 | 200 OK [http://localhost/api/flavors]


Processing FlavorsController#index (for 127.0.0.1 at 2009-12-12 13:46:58) [GET]
Rendering template within layouts/application
Rendering flavors/index
Completed in 275ms (View: 19 | 200 OK [http://localhost/api/flavors]


Processing ApplicationController#index (for 127.0.0.1 at 2009-12-12 13:47:06) [GET]

ActionController::RoutingError (No route matches "/api/hardware-profiles" with {:method=>:get}):
  /bin/deltacloudd:12

Rendering rescues/layout (not_found)
